2026-03-17 21:01:53.727 [RMI TCP Connection(2)-127.0.0.1] INFO  com.example.demo.listener.AppContextListener - Application starting
2026-03-17 21:01:53.735 [RMI TCP Connection(2)-127.0.0.1] INFO  com.example.demo.listener.AppContextListener - Application started successfully
2026-03-17 21:01:53.736 [RMI TCP Connection(2)-127.0.0.1] INFO  com.example.demo.db.ConnectionPool - Initializing Connection Pool
2026-03-17 21:01:53.758 [RMI TCP Connection(2)-127.0.0.1] INFO  com.example.demo.db.ConnectionPool - Driver loaded: com.microsoft.sqlserver.jdbc.SQLServerDriver
2026-03-17 21:03:30.151 [RMI TCP Connection(2)-127.0.0.1] INFO  com.example.demo.db.ConnectionPool - Connection Pool initialized successfully
2026-03-17 21:03:30.151 [RMI TCP Connection(2)-127.0.0.1] INFO  com.example.demo.db.ConnectionPool - Pool size: 20, Min idle: 5
2026-03-17 21:03:30.157 [RMI TCP Connection(2)-127.0.0.1] INFO  com.example.demo.listener.AppContextListener - Initial pool stats: PoolStats[active=0, idle=1, total=1, waiting=0]
2026-03-17 21:03:54.670 [http-nio-8080-exec-4] INFO  com.example.demo.controller.Controller - Initializing Controller
2026-03-17 21:03:54.672 [http-nio-8080-exec-4] INFO  com.example.demo.controller.Controller - Controller initialized successfully
2026-03-17 21:03:54.673 [http-nio-8080-exec-4] INFO  com.example.demo.controller.Controller - Received command: login
2026-03-17 21:03:54.682 [http-nio-8080-exec-4] DEBUG com.example.demo.command.CommandType - Command resolved: login
2026-03-17 21:03:54.682 [http-nio-8080-exec-4] INFO  com.example.demo.command.impl.LoginCommand - Login attempt for user: admin
2026-03-17 21:03:54.690 [http-nio-8080-exec-4] DEBUG com.example.demo.service.impl.UserServiceImpl - UserServiceImpl instance created
2026-03-17 21:03:54.690 [http-nio-8080-exec-4] DEBUG com.example.demo.service.impl.UserServiceImpl - Authenticating user: admin
2026-03-17 21:03:54.690 [http-nio-8080-exec-4] INFO  com.example.demo.dao.impl.UserDaoImpl - Authentication attempt for user: admin
2026-03-17 21:03:54.698 [http-nio-8080-exec-4] DEBUG com.example.demo.db.ConnectionPool - Connection obtained. Active: 1, Idle: 4
2026-03-17 21:04:19.843 [http-nio-8080-exec-7] INFO  com.example.demo.controller.Controller - Received command: login
2026-03-17 21:04:19.844 [http-nio-8080-exec-7] DEBUG com.example.demo.command.CommandType - Command resolved: login
2026-03-17 21:04:19.844 [http-nio-8080-exec-7] INFO  com.example.demo.command.impl.LoginCommand - Login attempt for user: admin
2026-03-17 21:04:19.844 [http-nio-8080-exec-7] DEBUG com.example.demo.service.impl.UserServiceImpl - Authenticating user: admin
2026-03-17 21:04:19.844 [http-nio-8080-exec-7] INFO  com.example.demo.dao.impl.UserDaoImpl - Authentication attempt for user: admin
2026-03-17 21:04:19.849 [http-nio-8080-exec-7] DEBUG com.example.demo.db.ConnectionPool - Connection obtained. Active: 2, Idle: 4
2026-03-17 21:04:28.174 [http-nio-8080-exec-4] DEBUG com.example.demo.util.PasswordEncoder - Checking password
2026-03-17 21:04:28.174 [http-nio-8080-exec-7] DEBUG com.example.demo.util.PasswordEncoder - Checking password
2026-03-17 21:04:28.317 [http-nio-8080-exec-7] DEBUG com.example.demo.util.PasswordEncoder - Password match: true
2026-03-17 21:04:28.319 [http-nio-8080-exec-7] INFO  com.example.demo.dao.impl.UserDaoImpl - User admin authenticated successfully
2026-03-17 21:04:28.319 [http-nio-8080-exec-4] DEBUG com.example.demo.util.PasswordEncoder - Password match: true
2026-03-17 21:04:28.319 [http-nio-8080-exec-4] INFO  com.example.demo.dao.impl.UserDaoImpl - User admin authenticated successfully
2026-03-17 21:04:28.337 [http-nio-8080-exec-7] INFO  com.example.demo.command.impl.LoginCommand - User admin logged in successfully
2026-03-17 21:04:28.337 [http-nio-8080-exec-7] INFO  com.example.demo.controller.Controller - Forwarding to page: pages/main.jsp
2026-03-17 21:04:28.338 [http-nio-8080-exec-4] INFO  com.example.demo.command.impl.LoginCommand - User admin logged in successfully
2026-03-17 21:04:28.338 [http-nio-8080-exec-4] INFO  com.example.demo.controller.Controller - Forwarding to page: pages/main.jsp
2026-03-17 21:04:39.914 [http-nio-8080-exec-10] INFO  com.example.demo.controller.Controller - Received command: logout
2026-03-17 21:04:39.915 [http-nio-8080-exec-10] DEBUG com.example.demo.command.CommandType - Command resolved: logout
2026-03-17 21:04:39.915 [http-nio-8080-exec-10] INFO  com.example.demo.command.impl.LogoutCommand - User null logged out
2026-03-17 21:04:39.915 [http-nio-8080-exec-10] INFO  com.example.demo.controller.Controller - Forwarding to page: index.jsp
2026-03-17 21:04:41.812 [http-nio-8080-exec-3] INFO  com.example.demo.controller.Controller - Received command: login
2026-03-17 21:04:41.812 [http-nio-8080-exec-3] DEBUG com.example.demo.command.CommandType - Command resolved: login
2026-03-17 21:04:41.812 [http-nio-8080-exec-3] INFO  com.example.demo.command.impl.LoginCommand - Login attempt for user: admin
2026-03-17 21:04:41.812 [http-nio-8080-exec-3] DEBUG com.example.demo.service.impl.UserServiceImpl - Authenticating user: admin
2026-03-17 21:04:41.814 [http-nio-8080-exec-3] INFO  com.example.demo.dao.impl.UserDaoImpl - Authentication attempt for user: admin
2026-03-17 21:04:41.815 [http-nio-8080-exec-3] DEBUG com.example.demo.db.ConnectionPool - Connection obtained. Active: 1, Idle: 5
2026-03-17 21:05:00.534 [http-nio-8080-exec-3] DEBUG com.example.demo.util.PasswordEncoder - Checking password
2026-03-17 21:05:00.607 [http-nio-8080-exec-3] DEBUG com.example.demo.util.PasswordEncoder - Password match: true
2026-03-17 21:05:00.607 [http-nio-8080-exec-3] INFO  com.example.demo.dao.impl.UserDaoImpl - User admin authenticated successfully
2026-03-17 21:05:00.608 [http-nio-8080-exec-3] INFO  com.example.demo.command.impl.LoginCommand - User admin logged in successfully
2026-03-17 21:05:00.608 [http-nio-8080-exec-3] INFO  com.example.demo.controller.Controller - Forwarding to page: pages/main.jsp
2026-03-17 21:07:06.924 [main] INFO  com.example.demo.listener.AppContextListener - Application stopping
2026-03-17 21:07:06.924 [main] INFO  com.example.demo.listener.AppContextListener - Final pool stats: PoolStats[active=0, idle=6, total=6, waiting=0]
2026-03-17 21:07:06.924 [main] INFO  com.example.demo.db.ConnectionPool - Shutting down Connection Pool
2026-03-17 21:07:06.938 [main] INFO  com.example.demo.db.ConnectionPool - DataSource closed
2026-03-17 21:07:06.938 [main] INFO  com.example.demo.db.ConnectionPool - Deregistering JDBC drivers
2026-03-17 21:07:06.940 [main] INFO  com.example.demo.db.ConnectionPool - Deregistered driver: com.microsoft.sqlserver.jdbc.SQLServerDriver
2026-03-17 21:07:06.941 [main] INFO  com.example.demo.db.ConnectionPool - Connection Pool shutdown complete
2026-03-17 21:07:06.941 [main] INFO  com.example.demo.listener.AppContextListener - Application stopped cleanly
2026-03-17 21:07:15.134 [RMI TCP Connection(2)-127.0.0.1] INFO  com.example.demo.listener.AppContextListener - Application starting
2026-03-17 21:07:15.145 [RMI TCP Connection(2)-127.0.0.1] INFO  com.example.demo.listener.AppContextListener - Application started successfully
2026-03-17 21:07:15.146 [RMI TCP Connection(2)-127.0.0.1] INFO  com.example.demo.db.ConnectionPool - Initializing Connection Pool
2026-03-17 21:07:15.175 [RMI TCP Connection(2)-127.0.0.1] INFO  com.example.demo.db.ConnectionPool - Driver loaded: com.microsoft.sqlserver.jdbc.SQLServerDriver
2026-03-17 21:07:15.582 [RMI TCP Connection(2)-127.0.0.1] INFO  com.example.demo.db.ConnectionPool - Connection Pool initialized successfully
2026-03-17 21:07:15.582 [RMI TCP Connection(2)-127.0.0.1] INFO  com.example.demo.db.ConnectionPool - Pool size: 20, Min idle: 10
2026-03-17 21:07:15.583 [RMI TCP Connection(2)-127.0.0.1] INFO  com.example.demo.listener.AppContextListener - Initial pool stats: PoolStats[active=0, idle=1, total=1, waiting=0]
2026-03-17 21:07:19.156 [http-nio-8080-exec-7] INFO  com.example.demo.controller.Controller - Initializing Controller
2026-03-17 21:07:19.157 [http-nio-8080-exec-7] INFO  com.example.demo.controller.Controller - Controller initialized successfully
2026-03-17 21:07:19.158 [http-nio-8080-exec-7] INFO  com.example.demo.controller.Controller - Received command: login
2026-03-17 21:07:19.169 [http-nio-8080-exec-7] DEBUG com.example.demo.command.CommandType - Command resolved: login
2026-03-17 21:07:19.169 [http-nio-8080-exec-7] INFO  com.example.demo.command.impl.LoginCommand - Login attempt for user: admin
2026-03-17 21:07:19.174 [http-nio-8080-exec-7] DEBUG com.example.demo.service.impl.UserServiceImpl - UserServiceImpl instance created
2026-03-17 21:07:19.175 [http-nio-8080-exec-7] DEBUG com.example.demo.service.impl.UserServiceImpl - Authenticating user: admin
2026-03-17 21:07:19.175 [http-nio-8080-exec-7] INFO  com.example.demo.dao.impl.UserDaoImpl - Authentication attempt for user: admin
2026-03-17 21:07:19.181 [http-nio-8080-exec-7] DEBUG com.example.demo.db.ConnectionPool - Connection obtained. Active: 1, Idle: 9
2026-03-17 21:07:19.242 [http-nio-8080-exec-7] DEBUG com.example.demo.util.PasswordEncoder - Checking password
2026-03-17 21:07:19.332 [http-nio-8080-exec-7] DEBUG com.example.demo.util.PasswordEncoder - Password match: true
2026-03-17 21:07:19.332 [http-nio-8080-exec-7] INFO  com.example.demo.dao.impl.UserDaoImpl - User admin authenticated successfully
2026-03-17 21:07:19.344 [http-nio-8080-exec-7] INFO  com.example.demo.command.impl.LoginCommand - User admin logged in successfully
2026-03-17 21:07:19.344 [http-nio-8080-exec-7] INFO  com.example.demo.controller.Controller - Forwarding to page: pages/main.jsp
2026-03-17 21:07:20.592 [http-nio-8080-exec-10] INFO  com.example.demo.controller.Controller - Received command: logout
2026-03-17 21:07:20.593 [http-nio-8080-exec-10] DEBUG com.example.demo.command.CommandType - Command resolved: logout
2026-03-17 21:07:20.595 [http-nio-8080-exec-10] INFO  com.example.demo.command.impl.LogoutCommand - User null logged out
2026-03-17 21:07:20.595 [http-nio-8080-exec-10] INFO  com.example.demo.controller.Controller - Forwarding to page: index.jsp
2026-03-17 21:07:29.422 [main] INFO  com.example.demo.listener.AppContextListener - Application stopping
2026-03-17 21:07:29.423 [main] INFO  com.example.demo.listener.AppContextListener - Final pool stats: PoolStats[active=0, idle=10, total=10, waiting=0]
2026-03-17 21:07:29.423 [main] INFO  com.example.demo.db.ConnectionPool - Shutting down Connection Pool
2026-03-17 21:07:29.430 [main] INFO  com.example.demo.db.ConnectionPool - DataSource closed
2026-03-17 21:07:29.430 [main] INFO  com.example.demo.db.ConnectionPool - Deregistering JDBC drivers
2026-03-17 21:07:29.430 [main] INFO  com.example.demo.db.ConnectionPool - Deregistered driver: com.microsoft.sqlserver.jdbc.SQLServerDriver
2026-03-17 21:07:29.430 [main] INFO  com.example.demo.db.ConnectionPool - Connection Pool shutdown complete
2026-03-17 21:07:29.430 [main] INFO  com.example.demo.listener.AppContextListener - Application stopped cleanly
